                            { 2000.00,     63.83 },
                            { 2000.25,     63.91 },
                            { 2000.50,     63.98 },
                            { 2000.75,     64.01 },
                            { 2001.00,     64.09 },
                            { 2001.25,     64.16 },
                            { 2001.50,     64.21 },
                            { 2001.75,     64.22 },
                            { 2002.00,     64.30 },
                            { 2002.25,     64.37 },
                            { 2002.50,     64.41 },
                            { 2002.75,     64.42 },
                            { 2003.00,     64.47 },
                            { 2003.25,     64.53 },
                            { 2003.50,     64.55 },
                            { 2003.75,     64.54 },
                            { 2004.00,     64.57 },
                            { 2004.25,     64.62 },
                            { 2004.50,     64.65 },
                            { 2004.75,     64.64 },
                            { 2005.00,     64.69 },
                            { 2005.25,     64.76 },
                            { 2005.50,     64.80 },
                            { 2005.75,     64.79 },
                            { 2006.00,     64.85 },
                            { 2006.25,     64.92 },
                            { 2006.50,     64.99 },
                            { 2006.75,     65.04 },
                            { 2007.00,     65.15 },
                            { 2007.25,     65.25 },
                            { 2007.50,     65.34 },
                            { 2007.75,     65.37 },
                            { 2008.00,     65.46 },
                            { 2008.25,     65.54 },
                            { 2008.50,     65.63 },
                            { 2008.75,     65.67 },
                            { 2009.00,     65.78 },
                            { 2009.25,     65.86 },
                            { 2009.50,     65.95 },
                            { 2009.75,     65.98 },
                            { 2010.00,     66.06 },
                            { 2010.25,     66.16 },
                            { 2010.50,     66.24 },
                            { 2010.75,     66.24 },
